[29-Nov-2012 19:56:46] PHP Notice:  Undefined variable: message in /var/www/rayku.com/src/cronjobs/question.php on line 150
[29-Nov-2012 19:56:46] PHP Fatal error:  Class 'UserFbPeer' not found in /var/www/rayku.com/src/cronjobs/question.php on line 174
[29-Nov-2012 19:57:01] PHP Notice:  Undefined variable: message in /var/www/rayku.com/src/cronjobs/question.php on line 150
[29-Nov-2012 19:57:01] PHP Fatal error:  Class 'UserFbPeer' not found in /var/www/rayku.com/src/cronjobs/question.php on line 174
[29-Nov-2012 19:58:01] PHP Notice:  Undefined variable: message in /var/www/rayku.com/src/cronjobs/question.php on line 150
[29-Nov-2012 19:58:01] PHP Fatal error:  Class 'UserFbPeer' not found in /var/www/rayku.com/src/cronjobs/question.php on line 174
[29-Nov-2012 19:59:01] PHP Notice:  Undefined variable: message in /var/www/rayku.com/src/cronjobs/question.php on line 150
[29-Nov-2012 19:59:01] PHP Fatal error:  Class 'UserFbPeer' not found in /var/www/rayku.com/src/cronjobs/question.php on line 174
[29-Nov-2012 20:02:31] PHP Notice:  Undefined variable: school in /var/www/rayku.com/src/cronjobs/question.php on line 148
[29-Nov-2012 20:02:31] PHP Notice:  Undefined variable: message in /var/www/rayku.com/src/cronjobs/question.php on line 150
[29-Nov-2012 20:02:31] PHP Fatal error:  Class 'UserFbPeer' not found in /var/www/rayku.com/src/cronjobs/question.php on line 174
[29-Nov-2012 20:04:26] PHP Fatal error:  Class 'BaseUserFbPeer' not found in /var/www/rayku.com/src/lib/model/UserFbPeer.php on line 4
[29-Nov-2012 20:06:42] PHP Notice:  Undefined variable: school in /var/www/rayku.com/src/cronjobs/question.php on line 150
[29-Nov-2012 20:06:42] PHP Notice:  Undefined variable: message in /var/www/rayku.com/src/cronjobs/question.php on line 152
[29-Nov-2012 20:06:42] PHP Fatal error:  Class 'UserFbPeer' not found in /var/www/rayku.com/src/cronjobs/question.php on line 176
[29-Nov-2012 20:08:05] PHP Fatal error:  Uncaught exception 'PropelException' with message 'No connection information in your runtime configuration file for datasource [propel]' in /var/www/rayku.com/src/lib/vendor/symfony1/lib/plugins/sfPropelPlugin/lib/vendor/propel/Propel.php:520
Stack trace:
#0 /var/www/rayku.com/src/lib/vendor/symfony1/lib/plugins/sfPropelPlugin/lib/vendor/propel/Propel.php(538): Propel::getConnection('propel', 'write')
#1 /var/www/rayku.com/src/lib/model/om/BaseUserFbPeer.php(257): Propel::getConnection('propel', 'read')
#2 /var/www/rayku.com/src/lib/model/om/BaseUserFbPeer.php(239): BaseUserFbPeer::doSelectStmt(Object(Criteria), NULL)
#3 /var/www/rayku.com/src/lib/model/om/BaseUserFbPeer.php(222): BaseUserFbPeer::doSelect(Object(Criteria), NULL)
#4 /var/www/rayku.com/src/lib/model/UserFbPeer.php(12): BaseUserFbPeer::doSelectOne(Object(Criteria))
#5 /var/www/rayku.com/src/cronjobs/question.php(188): UserFbPeer::retrieveByUserId('1813')
#6 /var/www/rayku.com/src/cronjobs/question.php(263): checkquestion()
#7 {main}
  thrown in /var/www/rayku.com/src/lib/vendor/symfony1/lib/plugins/sfPropelPlugin/lib/vendor/propel/Propel.php on line 520
[29-Nov-2012 20:11:32] PHP Notice:  Undefined variable: message in /var/www/rayku.com/src/cronjobs/question.php on line 164
[29-Nov-2012 20:11:32] PHP Fatal error:  Uncaught exception 'PropelException' with message 'No connection information in your runtime configuration file for datasource [propel]' in /var/www/rayku.com/src/lib/vendor/symfony1/lib/plugins/sfPropelPlugin/lib/vendor/propel/Propel.php:520
Stack trace:
#0 /var/www/rayku.com/src/lib/vendor/symfony1/lib/plugins/sfPropelPlugin/lib/vendor/propel/Propel.php(538): Propel::getConnection('propel', 'write')
#1 /var/www/rayku.com/src/lib/model/om/BaseUserFbPeer.php(257): Propel::getConnection('propel', 'read')
#2 /var/www/rayku.com/src/lib/model/om/BaseUserFbPeer.php(239): BaseUserFbPeer::doSelectStmt(Object(Criteria), NULL)
#3 /var/www/rayku.com/src/lib/model/om/BaseUserFbPeer.php(222): BaseUserFbPeer::doSelect(Object(Criteria), NULL)
#4 /var/www/rayku.com/src/lib/model/UserFbPeer.php(12): BaseUserFbPeer::doSelectOne(Object(Criteria))
#5 /var/www/rayku.com/src/cronjobs/question.php(188): UserFbPeer::retrieveByUserId('1619')
#6 /var/www/rayku.com/src/cronjobs/question.php(269): checkquestion()
#7 {main}
  thrown in /var/www/rayku.com/src/lib/vendor/symfony1/lib/plugins/sfPropelPlugin/lib/vendor/propel/Propel.php on line 520
[29-Nov-2012 20:12:01] PHP Notice:  Undefined variable: message in /var/www/rayku.com/src/cronjobs/question.php on line 164
[29-Nov-2012 20:12:01] PHP Fatal error:  Uncaught exception 'PropelException' with message 'No connection information in your runtime configuration file for datasource [propel]' in /var/www/rayku.com/src/lib/vendor/symfony1/lib/plugins/sfPropelPlugin/lib/vendor/propel/Propel.php:520
Stack trace:
#0 /var/www/rayku.com/src/lib/vendor/symfony1/lib/plugins/sfPropelPlugin/lib/vendor/propel/Propel.php(538): Propel::getConnection('propel', 'write')
#1 /var/www/rayku.com/src/lib/model/om/BaseUserFbPeer.php(257): Propel::getConnection('propel', 'read')
#2 /var/www/rayku.com/src/lib/model/om/BaseUserFbPeer.php(239): BaseUserFbPeer::doSelectStmt(Object(Criteria), NULL)
#3 /var/www/rayku.com/src/lib/model/om/BaseUserFbPeer.php(222): BaseUserFbPeer::doSelect(Object(Criteria), NULL)
#4 /var/www/rayku.com/src/lib/model/UserFbPeer.php(12): BaseUserFbPeer::doSelectOne(Object(Criteria))
#5 /var/www/rayku.com/src/cronjobs/question.php(188): UserFbPeer::retrieveByUserId('1619')
#6 /var/www/rayku.com/src/cronjobs/question.php(263): checkquestion()
#7 {main}
  thrown in /var/www/rayku.com/src/lib/vendor/symfony1/lib/plugins/sfPropelPlugin/lib/vendor/propel/Propel.php on line 520
[29-Nov-2012 20:14:31] PHP Notice:  Undefined variable: message in /var/www/rayku.com/src/cronjobs/question.php on line 164
[29-Nov-2012 20:14:31] PHP Fatal error:  Uncaught exception 'PropelException' with message 'No connection information in your runtime configuration file for datasource [propel]' in /var/www/rayku.com/src/lib/vendor/symfony1/lib/plugins/sfPropelPlugin/lib/vendor/propel/Propel.php:520
Stack trace:
#0 /var/www/rayku.com/src/lib/vendor/symfony1/lib/plugins/sfPropelPlugin/lib/vendor/propel/Propel.php(538): Propel::getConnection('propel', 'write')
#1 /var/www/rayku.com/src/lib/model/om/BaseUserFbPeer.php(257): Propel::getConnection('propel', 'read')
#2 /var/www/rayku.com/src/lib/model/om/BaseUserFbPeer.php(239): BaseUserFbPeer::doSelectStmt(Object(Criteria), NULL)
#3 /var/www/rayku.com/src/lib/model/om/BaseUserFbPeer.php(222): BaseUserFbPeer::doSelect(Object(Criteria), NULL)
#4 /var/www/rayku.com/src/lib/model/UserFbPeer.php(12): BaseUserFbPeer::doSelectOne(Object(Criteria))
#5 /var/www/rayku.com/src/cronjobs/question.php(188): UserFbPeer::retrieveByUserId('1619')
#6 /var/www/rayku.com/src/cronjobs/question.php(269): checkquestion()
#7 {main}
  thrown in /var/www/rayku.com/src/lib/vendor/symfony1/lib/plugins/sfPropelPlugin/lib/vendor/propel/Propel.php on line 520
[29-Nov-2012 20:15:02] PHP Notice:  Undefined variable: message in /var/www/rayku.com/src/cronjobs/question.php on line 164
[29-Nov-2012 20:15:02] PHP Fatal error:  Uncaught exception 'PropelException' with message 'No connection information in your runtime configuration file for datasource [propel]' in /var/www/rayku.com/src/lib/vendor/symfony1/lib/plugins/sfPropelPlugin/lib/vendor/propel/Propel.php:520
Stack trace:
#0 /var/www/rayku.com/src/lib/vendor/symfony1/lib/plugins/sfPropelPlugin/lib/vendor/propel/Propel.php(538): Propel::getConnection('propel', 'write')
#1 /var/www/rayku.com/src/lib/model/om/BaseUserFbPeer.php(257): Propel::getConnection('propel', 'read')
#2 /var/www/rayku.com/src/lib/model/om/BaseUserFbPeer.php(239): BaseUserFbPeer::doSelectStmt(Object(Criteria), NULL)
#3 /var/www/rayku.com/src/lib/model/om/BaseUserFbPeer.php(222): BaseUserFbPeer::doSelect(Object(Criteria), NULL)
#4 /var/www/rayku.com/src/lib/model/UserFbPeer.php(12): BaseUserFbPeer::doSelectOne(Object(Criteria))
#5 /var/www/rayku.com/src/cronjobs/question.php(188): UserFbPeer::retrieveByUserId('1619')
#6 /var/www/rayku.com/src/cronjobs/question.php(263): checkquestion()
#7 {main}
  thrown in /var/www/rayku.com/src/lib/vendor/symfony1/lib/plugins/sfPropelPlugin/lib/vendor/propel/Propel.php on line 520
[29-Nov-2012 20:17:02] PHP Notice:  Undefined variable: school in /var/www/rayku.com/src/cronjobs/question.php on line 162
[29-Nov-2012 20:17:02] PHP Notice:  Undefined variable: message in /var/www/rayku.com/src/cronjobs/question.php on line 164
[29-Nov-2012 20:17:02] PHP Fatal error:  Uncaught exception 'PropelException' with message 'No connection information in your runtime configuration file for datasource [propel]' in /var/www/rayku.com/src/lib/vendor/symfony1/lib/plugins/sfPropelPlugin/lib/vendor/propel/Propel.php:520
Stack trace:
#0 /var/www/rayku.com/src/lib/vendor/symfony1/lib/plugins/sfPropelPlugin/lib/vendor/propel/Propel.php(538): Propel::getConnection('propel', 'write')
#1 /var/www/rayku.com/src/lib/model/om/BaseUserFbPeer.php(257): Propel::getConnection('propel', 'read')
#2 /var/www/rayku.com/src/lib/model/om/BaseUserFbPeer.php(239): BaseUserFbPeer::doSelectStmt(Object(Criteria), NULL)
#3 /var/www/rayku.com/src/lib/model/om/BaseUserFbPeer.php(222): BaseUserFbPeer::doSelect(Object(Criteria), NULL)
#4 /var/www/rayku.com/src/lib/model/UserFbPeer.php(12): BaseUserFbPeer::doSelectOne(Object(Criteria))
#5 /var/www/rayku.com/src/cronjobs/question.php(188): UserFbPeer::retrieveByUserId('1813')
#6 /var/www/rayku.com/src/cronjobs/question.php(263): checkquestion()
#7 {main}
  thrown in /var/www/rayku.com/src/lib/vendor/symfony1/lib/plugins/sfPropelPlugin/lib/vendor/propel/Propel.php on line 520
[29-Nov-2012 20:18:08] PHP Catchable fatal error:  Argument 1 passed to BaseUserFbPeer::doSelect() must be an instance of Criteria, none given, called in /var/www/rayku.com/src/cronjobs/question.php on line 21 and defined in /var/www/rayku.com/src/lib/model/om/BaseUserFbPeer.php on line 237
[29-Nov-2012 20:18:16] PHP Fatal error:  Uncaught exception 'PropelException' with message 'No connection information in your runtime configuration file for datasource [propel]' in /var/www/rayku.com/src/lib/vendor/symfony1/lib/plugins/sfPropelPlugin/lib/vendor/propel/Propel.php:520
Stack trace:
#0 /var/www/rayku.com/src/lib/vendor/symfony1/lib/plugins/sfPropelPlugin/lib/vendor/propel/Propel.php(538): Propel::getConnection('propel', 'write')
#1 /var/www/rayku.com/src/lib/model/om/BaseUserFbPeer.php(257): Propel::getConnection('propel', 'read')
#2 /var/www/rayku.com/src/lib/model/om/BaseUserFbPeer.php(239): BaseUserFbPeer::doSelectStmt(Object(Criteria), NULL)
#3 /var/www/rayku.com/src/cronjobs/question.php(21): BaseUserFbPeer::doSelect(Object(Criteria))
#4 {main}
  thrown in /var/www/rayku.com/src/lib/vendor/symfony1/lib/plugins/sfPropelPlugin/lib/vendor/propel/Propel.php on line 520
[29-Nov-2012 20:19:01] PHP Notice:  Undefined variable: school in /var/www/rayku.com/src/cronjobs/question.php on line 162
[29-Nov-2012 20:19:01] PHP Notice:  Undefined variable: message in /var/www/rayku.com/src/cronjobs/question.php on line 164
[29-Nov-2012 20:19:02] PHP Warning:  curl_multi_exec(): Could not call the CURLOPT_HEADERFUNCTION in phar:///var/www/rayku.com/src/lib/vendor/guzzle/guzzle.phar/src/Guzzle/Http/Curl/CurlMulti.php on line 472
[29-Nov-2012 20:20:01] PHP Notice:  Undefined variable: school in /var/www/rayku.com/src/cronjobs/question.php on line 162
[29-Nov-2012 20:20:01] PHP Notice:  Undefined variable: message in /var/www/rayku.com/src/cronjobs/question.php on line 164
[29-Nov-2012 20:20:01] PHP Warning:  curl_multi_exec(): Could not call the CURLOPT_HEADERFUNCTION in phar:///var/www/rayku.com/src/lib/vendor/guzzle/guzzle.phar/src/Guzzle/Http/Curl/CurlMulti.php on line 472
[29-Nov-2012 20:20:12] PHP Warning:  curl_multi_exec(): Could not call the CURLOPT_HEADERFUNCTION in phar:///var/www/rayku.com/src/lib/vendor/guzzle/guzzle.phar/src/Guzzle/Http/Curl/CurlMulti.php on line 472
[29-Nov-2012 20:26:01] PHP Notice:  Undefined variable: message in /var/www/rayku.com/src/cronjobs/question.php on line 164
[29-Nov-2012 20:26:01] PHP Warning:  curl_multi_exec(): Could not call the CURLOPT_HEADERFUNCTION in phar:///var/www/rayku.com/src/lib/vendor/guzzle/guzzle.phar/src/Guzzle/Http/Curl/CurlMulti.php on line 472
[29-Nov-2012 20:27:02] PHP Warning:  curl_multi_exec(): Could not call the CURLOPT_HEADERFUNCTION in phar:///var/www/rayku.com/src/lib/vendor/guzzle/guzzle.phar/src/Guzzle/Http/Curl/CurlMulti.php on line 472
